<?xml version="1.0" encoding="UTF-8"?>
<!-- Generated by org.testng.reporters.JUnitXMLReporter -->
<testsuite hostname="DESKTOP-PK9O6TL" ignored="0" name="Test" tests="1" failures="1" timestamp="23 Feb 2019 09:13:46 GMT" time="0.067" errors="0">
  <testcase name="main" time="0.0" classname="com.testing.com.FirstClass">
    <failure type="org.testng.TestNGException" message="
Cannot inject @Test annotated Method [main] with [int].
For more information on native dependency injection please refer to http://testng.org/doc/documentation-main.html#native-dependency-injection">
      <![CDATA[org.testng.TestNGException: 
Cannot inject @Test annotated Method [main] with [int].
For more information on native dependency injection please refer to http://testng.org/doc/documentation-main.html#native-dependency-injection
... Removed 24 stack frames]]>
    </failure>
  </testcase> <!-- main -->
</testsuite> <!-- Test -->
