<?xml version="1.0" encoding="UTF-8"?>
<testng-results skipped="0" failed="0" ignored="0" total="1" passed="1">
  <reporter-output>
  </reporter-output>
  <suite name="Default suite" duration-ms="48" started-at="2019-02-23T09:14:08Z" finished-at="2019-02-23T09:14:08Z">
    <groups>
    </groups>
    <test name="Default test" duration-ms="48" started-at="2019-02-23T09:14:08Z" finished-at="2019-02-23T09:14:08Z">
      <class name="com.testing.com.FirstClass">
        <test-method status="PASS" signature="main()[pri:0, instance:com.testing.com.FirstClass@643b1d11]" name="main" duration-ms="12" started-at="2019-02-23T09:14:08Z" finished-at="2019-02-23T09:14:08Z">
          <reporter-output>
          </reporter-output>
        </test-method> <!-- main -->
      </class> <!-- com.testing.com.FirstClass -->
    </test> <!-- Default test -->
  </suite> <!-- Default suite -->
</testng-results>
